#
# There is insufficient memory for the Java Runtime Environment to continue.
# Native memory allocation (malloc) failed to allocate 1048576 bytes. Error detail: AllocateHeap
# Possible reasons:
#   The system is out of physical RAM or swap space
#   This process is running with CompressedOops enabled, and the Java Heap may be blocking the growth of the native heap
# Possible solutions:
#   Reduce memory load on the system
#   Increase physical memory or swap space
#   Check if swap backing store is full
#   Decrease Java heap size (-Xmx/-Xms)
#   Decrease number of Java threads
#   Decrease Java thread stack sizes (-Xss)
#   Set larger code cache with -XX:ReservedCodeCacheSize=
#   JVM is running with Zero Based Compressed Oops mode in which the Java heap is
#     placed in the first 32GB address space. The Java Heap base address is the
#     maximum limit for the native heap growth. Please use -XX:HeapBaseMinAddress
#     to set the Java Heap base and to place the Java Heap above 32GB virtual address.
# This output file may be truncated or incomplete.
#
#  Out of Memory Error (allocation.cpp:44), pid=15780, tid=12148
#
# JRE version:  (17.0.11) (build )
# Java VM: OpenJDK 64-Bit Server VM (17.0.11+0--11852314, mixed mode, sharing, tiered, compressed oops, compressed class ptrs, g1 gc, windows-amd64)
# No core dump will be written. Minidumps are not enabled by default on client versions of Windows
#

---------------  S U M M A R Y ------------

Command Line: git4idea.http.GitAskPassApp Username for 'https://github.com': 

Host: 13th Gen Intel(R) Core(TM) i5-13400, 16 cores, 15G,  Windows 11 , 64 bit Build 22621 (10.0.22621.3958)
Time: Mon Sep  9 11:01:35 2024  Windows 11 , 64 bit Build 22621 (10.0.22621.3958) elapsed time: 0.009622 seconds (0d 0h 0m 0s)

---------------  T H R E A D  ---------------

Current thread (0x0000015b9c4baf10):  JavaThread "Unknown thread" [_thread_in_vm, id=12148, stack(0x0000004837d00000,0x0000004837e00000)]

Stack: [0x0000004837d00000,0x0000004837e00000]
Native frames: (J=compiled Java code, j=interpreted, Vv=VM code, C=native code)
V  [jvm.dll+0x687bb9]
V  [jvm.dll+0x84142a]
V  [jvm.dll+0x8430ae]
V  [jvm.dll+0x843713]
V  [jvm.dll+0x24a35f]
V  [jvm.dll+0xa6cc3]
V  [jvm.dll+0x2e9fe7]
V  [jvm.dll+0x2e1c7b]
V  [jvm.dll+0x811f21]
V  [jvm.dll+0x36fb68]
V  [jvm.dll+0x7f0896]
V  [jvm.dll+0x3f3d2f]
V  [jvm.dll+0x3f58e1]
C  [jli.dll+0x528f]
C  [ucrtbase.dll+0x29333]
C  [KERNEL32.DLL+0x1257d]
C  [ntdll.dll+0x5af28]


---------------  P R O C E S S  ---------------

Threads class SMR info:
_java_thread_list=0x00007ffac588efd8, length=0, elements={
}

Java Threads: ( => current thread )

Other Threads:
  0x0000015b9c525da0 GCTaskThread "GC Thread#0" [stack: 0x0000004837e00000,0x0000004837f00000] [id=17500]

[error occurred during error reporting (printing all threads), id 0xc0000005, EXCEPTION_ACCESS_VIOLATION (0xc0000005) at pc=0x00007ffac503ef30]

VM state: not at safepoint (not fully initialized)

VM Mutex/Monitor currently owned by a thread:  ([mutex/lock_event])
[0x0000015b9c4b7580] Heap_lock - owner thread: 0x0000015b9c4baf10

Heap address: 0x0000000705000000, size: 4016 MB, Compressed Oops mode: Zero based, Oop shift amount: 3

CDS archive(s) mapped at: [0x0000000000000000-0x0000000000000000-0x0000000000000000), size 0, SharedBaseAddress: 0x0000000800000000, ArchiveRelocationMode: 1.
Narrow klass base: 0x0000000000000000, Narrow klass shift: 0, Narrow klass range: 0x0

GC Precious Log:
<Empty>

Heap:
 garbage-first heap   total 0K, used 0K [0x0000000705000000, 0x0000000800000000)
  region size 2048K, 0 young (0K), 0 survivors (0K)
 Metaspace       used 0K, committed 0K, reserved 0K
  class space    used 0K, committed 0K, reserved 0K

Heap Regions: E=young(eden), S=young(survivor), O=old, HS=humongous(starts), HC=humongous(continues), CS=collection set, F=free, OA=open archive, CA=closed archive, TAMS=top-at-mark-start (previous, next)

Card table byte_map: [0x0000015baf9f0000,0x0000015bb01d0000] _byte_map_base: 0x0000015bac1c8000

GC Heap History (0 events):
No events

Dll operation events (1 events):
Event: 0.006 Loaded shared library C:\Program Files\Android\Android Studio\jbr\bin\java.dll

Deoptimization events (0 events):
No events

Classes unloaded (0 events):
No events

Classes redefined (0 events):
No events

Internal exceptions (0 events):
No events

VM Operations (0 events):
No events

Events (0 events):
No events


Dynamic libraries:
0x00007ff6cf9d0000 - 0x00007ff6cf9da000 	C:\Program Files\Android\Android Studio\jbr\bin\java.exe
0x00007ffb06b10000 - 0x00007ffb06d27000 	C:\windows\SYSTEM32\ntdll.dll
0x00007ffb053d0000 - 0x00007ffb05494000 	C:\windows\System32\KERNEL32.DLL
0x00007ffb04320000 - 0x00007ffb046cd000 	C:\windows\System32\KERNELBASE.dll
0x00007ffb03ed0000 - 0x00007ffb03fe1000 	C:\windows\System32\ucrtbase.dll
0x00007ffaea690000 - 0x00007ffaea6a7000 	C:\Program Files\Android\Android Studio\jbr\bin\jli.dll
0x00007ffae4cd0000 - 0x00007ffae4ceb000 	C:\Program Files\Android\Android Studio\jbr\bin\VCRUNTIME140.dll
0x00007ffb05580000 - 0x00007ffb0572e000 	C:\windows\System32\USER32.dll
0x00007ffb04180000 - 0x00007ffb041a6000 	C:\windows\System32\win32u.dll
0x00007ffb05bb0000 - 0x00007ffb05bd9000 	C:\windows\System32\GDI32.dll
0x00007ffae7ec0000 - 0x00007ffae8153000 	C:\windows\WinSxS\amd64_microsoft.windows.common-controls_6595b64144ccf1df_6.0.22621.3672_none_2713b9d173822955\COMCTL32.dll
0x00007ffb04060000 - 0x00007ffb04179000 	C:\windows\System32\gdi32full.dll
0x00007ffb06600000 - 0x00007ffb066a7000 	C:\windows\System32\msvcrt.dll
0x00007ffb03e30000 - 0x00007ffb03eca000 	C:\windows\System32\msvcp_win.dll
0x00007ffb05280000 - 0x00007ffb052b1000 	C:\windows\System32\IMM32.DLL
0x00007ffae9460000 - 0x00007ffae946c000 	C:\Program Files\Android\Android Studio\jbr\bin\vcruntime140_1.dll
0x00007ffaced00000 - 0x00007ffaced8d000 	C:\Program Files\Android\Android Studio\jbr\bin\msvcp140.dll
0x00007ffac4d50000 - 0x00007ffac59d3000 	C:\Program Files\Android\Android Studio\jbr\bin\server\jvm.dll
0x00007ffb06810000 - 0x00007ffb068c2000 	C:\windows\System32\ADVAPI32.dll
0x00007ffb064d0000 - 0x00007ffb06579000 	C:\windows\System32\sechost.dll
0x00007ffb04270000 - 0x00007ffb04298000 	C:\windows\System32\bcrypt.dll
0x00007ffb05160000 - 0x00007ffb05274000 	C:\windows\System32\RPCRT4.dll
0x00007ffb00670000 - 0x00007ffb00679000 	C:\windows\SYSTEM32\WSOCK32.dll
0x00007ffb06580000 - 0x00007ffb065f1000 	C:\windows\System32\WS2_32.dll
0x00007ffb02c80000 - 0x00007ffb02ccd000 	C:\windows\SYSTEM32\POWRPROF.dll
0x00007ffaf9060000 - 0x00007ffaf9094000 	C:\windows\SYSTEM32\WINMM.dll
0x00007ffafacf0000 - 0x00007ffafacfa000 	C:\windows\SYSTEM32\VERSION.dll
0x00007ffb02c60000 - 0x00007ffb02c73000 	C:\windows\SYSTEM32\UMPDC.dll
0x00007ffb02e70000 - 0x00007ffb02e88000 	C:\windows\SYSTEM32\kernel.appcore.dll
0x00007ffb00620000 - 0x00007ffb0062a000 	C:\Program Files\Android\Android Studio\jbr\bin\jimage.dll
0x00007ffaeab00000 - 0x00007ffaead32000 	C:\windows\SYSTEM32\DBGHELP.DLL
0x00007ffb04940000 - 0x00007ffb04ccd000 	C:\windows\System32\combase.dll
0x00007ffb06970000 - 0x00007ffb06a47000 	C:\windows\System32\OLEAUT32.dll
0x00007ffaead60000 - 0x00007ffaead92000 	C:\windows\SYSTEM32\dbgcore.DLL
0x00007ffb042a0000 - 0x00007ffb0431b000 	C:\windows\System32\bcryptPrimitives.dll
0x00007ffaf76d0000 - 0x00007ffaf76f5000 	C:\Program Files\Android\Android Studio\jbr\bin\java.dll

dbghelp: loaded successfully - version: 4.0.5 - missing functions: none
symbol engine: initialized successfully - sym options: 0x614 - pdb path: .;C:\Program Files\Android\Android Studio\jbr\bin;C:\windows\SYSTEM32;C:\windows\WinSxS\amd64_microsoft.windows.common-controls_6595b64144ccf1df_6.0.22621.3672_none_2713b9d173822955;C:\Program Files\Android\Android Studio\jbr\bin\server

VM Arguments:
java_command: git4idea.http.GitAskPassApp Username for 'https://github.com': 
java_class_path (initial): C:/Program Files/Android/Android Studio/plugins/vcs-git/lib/git4idea-rt.jar;C:/Program Files/Android/Android Studio/lib/externalProcess-rt.jar
Launcher Type: SUN_STANDARD

[Global flags]
     intx CICompilerCount                          = 12                                        {product} {ergonomic}
     uint ConcGCThreads                            = 3                                         {product} {ergonomic}
     uint G1ConcRefinementThreads                  = 13                                        {product} {ergonomic}
   size_t G1HeapRegionSize                         = 2097152                                   {product} {ergonomic}
    uintx GCDrainStackTargetSize                   = 64                                        {product} {ergonomic}
   size_t InitialHeapSize                          = 264241152                                 {product} {ergonomic}
   size_t MarkStackSize                            = 4194304                                   {product} {ergonomic}
   size_t MaxHeapSize                              = 4211081216                                {product} {ergonomic}
   size_t MinHeapDeltaBytes                        = 2097152                                   {product} {ergonomic}
   size_t MinHeapSize                              = 8388608                                   {product} {ergonomic}
    uintx NonNMethodCodeHeapSize                   = 7602480                                {pd product} {ergonomic}
    uintx NonProfiledCodeHeapSize                  = 122027880                              {pd product} {ergonomic}
    uintx ProfiledCodeHeapSize                     = 122027880                              {pd product} {ergonomic}
    uintx ReservedCodeCacheSize                    = 251658240                              {pd product} {ergonomic}
     bool SegmentedCodeCache                       = true                                      {product} {ergonomic}
   size_t SoftMaxHeapSize                          = 4211081216                             {manageable} {ergonomic}
     bool UseCompressedClassPointers               = true                           {product lp64_product} {ergonomic}
     bool UseCompressedOops                        = true                           {product lp64_product} {ergonomic}
     bool UseG1GC                                  = true                                      {product} {ergonomic}
     bool UseLargePagesIndividualAllocation        = false                                  {pd product} {ergonomic}

Logging:
Log output configuration:
 #0: stdout all=warning uptime,level,tags
 #1: stderr all=off uptime,level,tags

Environment Variables:
JAVA_HOME=C:\Users\user\playground2\jdk-17.0.10
PATH=C:\Program Files\Git\mingw64\libexec\git-core;C:\Program Files\Git\mingw64\libexec\git-core;C:\Program Files\Git\mingw64\bin;C:\Program Files\Git\usr\bin;C:\Users\user\bin;C:\oraclexe\app\oracle\product\10.2.0\server\bin;C:\windows\system32;C:\windows;C:\windows\System32\Wbem;C:\windows\System32\WindowsPowerShell\v1.0;C:\windows\System32\OpenSSH;C:\Program Files\Bandizip;C:\Program Files\Git\cmd;C:\Program Files\Docker\Docker\resources\bin;C:\Program Files\nodejs;C:\Users\user\AppData\Local\Microsoft\WindowsApps;C:\Users\user\AppData\Local\Programs\Microsoft VS Code\bin;C:\Users\user\playground2\jdk-17.0.10\bin;C:\Users\user\AppData\Roaming\npm;C:\Users\user\AppData\Local\Android\Sdk\platform-tools
USERNAME=user
DISPLAY=:0.0
LC_ALL=en_US.UTF-8
TERM=xterm-256color
TMPDIR=C:\Users\user\AppData\Local\Temp
OS=Windows_NT
PROCESSOR_IDENTIFIER=Intel64 Family 6 Model 191 Stepping 2, GenuineIntel
TMP=C:\Users\user\AppData\Local\Temp
TEMP=C:\Users\user\AppData\Local\Temp



Periodic native trim disabled

JNI global refs:
JNI global refs: 0, weak refs: 0

JNI global refs memory usage: 0, weak refs: 0

Process memory usage:
Resident Set Size: 11644K (0% of 16446036K total physical memory with 739536K free physical memory)

OOME stack traces (most recent first):
Classloader memory used:


---------------  S Y S T E M  ---------------

OS:
 Windows 11 , 64 bit Build 22621 (10.0.22621.3958)
OS uptime: 6 days 20:17 hours
Hyper-V role detected

CPU: total 16 (initial active 16) (8 cores per cpu, 2 threads per core) family 6 model 191 stepping 2 microcode 0x26, cx8, cmov, fxsr, ht, mmx, 3dnowpref, sse, sse2, sse3, ssse3, sse4.1, sse4.2, popcnt, lzcnt, tsc, tscinvbit, avx, avx2, aes, erms, clmul, bmi1, bmi2, adx, sha, fma, vzeroupper, clflush, clflushopt, clwb, hv
Processor Information for all 16 processors :
  Max Mhz: 2500, Current Mhz: 2500, Mhz Limit: 2500

Memory: 4k page, system-wide physical 16060M (722M free)
TotalPageFile size 44310M (AvailPageFile size 5M)
current process WorkingSet (physical memory assigned to process): 11M, peak: 11M
current process commit charge ("private bytes"): 60M, peak: 61M

vm_info: OpenJDK 64-Bit Server VM (17.0.11+0--11852314) for windows-amd64 JRE (17.0.11+0--11852314), built on May 16 2024 21:29:20 by "androidbuild" with MS VC++ 16.10 / 16.11 (VS2019)

END.
